<?xml version="1.0" encoding="utf-8"?><testsuites name="pytest tests"><testsuite name="pytest" errors="0" failures="0" skipped="0" tests="8" time="3.919" timestamp="2026-04-12T22:54:49.437135+00:00" hostname="agent-env-5bcbc21a-8c93-4f46-9423-9f1d64ede92f"><testcase classname="backend.tests.test_chat_edit.TestChatEdit" name="test_admin_login" time="0.543" /><testcase classname="backend.tests.test_chat_edit.TestChatEdit" name="test_author_can_edit_own_message" time="0.483" /><testcase classname="backend.tests.test_chat_edit.TestChatEdit" name="test_non_author_cannot_edit_message" time="0.472" /><testcase classname="backend.tests.test_chat_edit.TestChatEdit" name="test_guest_cannot_edit_message" time="0.530" /><testcase classname="backend.tests.test_chat_edit.TestChatEdit" name="test_empty_content_returns_400" time="0.414" /><testcase classname="backend.tests.test_chat_edit.TestChatEdit" name="test_whitespace_only_content_returns_400" time="0.436" /><testcase classname="backend.tests.test_chat_edit.TestChatEdit" name="test_get_chat_shows_edited_fields" time="0.526" /><testcase classname="backend.tests.test_chat_edit.TestChatEdit" name="test_edit_nonexistent_message_returns_404" time="0.458" /></testsuite></testsuites>