<?xml version="1.0" encoding="utf-8"?><testsuites name="pytest tests"><testsuite name="pytest" errors="0" failures="0" skipped="0" tests="12" time="5.177" timestamp="2026-04-06T00:48:46.208109+00:00" hostname="agent-env-6e215b50-4424-4cce-b435-5ad1bf789a42"><testcase classname="backend.tests.test_multi_group_bugs.TestMultiGroupAuth" name="test_login_returns_group_ids_array" time="0.501" /><testcase classname="backend.tests.test_multi_group_bugs.TestMultiGroupAuth" name="test_auth_me_returns_group_ids_array" time="0.465" /><testcase classname="backend.tests.test_multi_group_bugs.TestResourceDownload" name="test_download_without_token_returns_403" time="0.565" /><testcase classname="backend.tests.test_multi_group_bugs.TestResourceDownload" name="test_download_with_token_returns_200" time="0.683" /><testcase classname="backend.tests.test_multi_group_bugs.TestTeachersEndpoint" name="test_teachers_endpoint_returns_teachers" time="0.467" /><testcase classname="backend.tests.test_multi_group_bugs.TestTeachersEndpoint" name="test_teachers_endpoint_requires_auth" time="0.124" /><testcase classname="backend.tests.test_multi_group_bugs.TestJoinGroup" name="test_join_group_endpoint_exists" time="0.446" /><testcase classname="backend.tests.test_multi_group_bugs.TestJoinGroup" name="test_join_group_with_valid_code" time="0.439" /><testcase classname="backend.tests.test_multi_group_bugs.TestCourseScoping" name="test_courses_endpoint_returns_courses" time="0.458" /><testcase classname="backend.tests.test_multi_group_bugs.TestAssignUserToGroup" name="test_assign_group_endpoint_exists" time="0.699" /><testcase classname="backend.tests.test_multi_group_bugs.TestSettingsJoinGroup" name="test_groups_lookup_endpoint" time="0.115" /><testcase classname="backend.tests.test_multi_group_bugs.TestSettingsJoinGroup" name="test_groups_lookup_invalid_code" time="0.148" /></testsuite></testsuites>