<?xml version="1.0" encoding="utf-8"?><testsuites name="pytest tests"><testsuite name="pytest" errors="0" failures="0" skipped="0" tests="9" time="2.632" timestamp="2026-02-21T14:29:20.697305+00:00" hostname="agent-env-55cb429a-4935-49aa-9fb1-a15462004f41"><testcase classname="backend.tests.test_hosting_method.TestHostingMethodBackend" name="test_lesson_contains_hosting_method_field" time="0.595" /><testcase classname="backend.tests.test_hosting_method.TestHostingMethodBackend" name="test_hosting_method_valid_values" time="0.120" /><testcase classname="backend.tests.test_hosting_method.TestHostingMethodBackend" name="test_update_hosting_method_to_in_app" time="0.321" /><testcase classname="backend.tests.test_hosting_method.TestHostingMethodBackend" name="test_update_hosting_method_to_zoom" time="0.323" /><testcase classname="backend.tests.test_hosting_method.TestHostingMethodBackend" name="test_update_hosting_method_to_both" time="0.380" /><testcase classname="backend.tests.test_hosting_method.TestHostingMethodBackend" name="test_member_can_see_hosting_method" time="0.440" /><testcase classname="backend.tests.test_hosting_method.TestHostingMethodBackend" name="test_member_cannot_update_hosting_method" time="0.109" /><testcase classname="backend.tests.test_hosting_method.TestHostingMethodBackend" name="test_all_lessons_have_hosting_method" time="0.120" /><testcase classname="backend.tests.test_hosting_method.TestLessonResponseStructure" name="test_lesson_response_has_all_required_fields" time="0.125" /></testsuite></testsuites>