<?xml version="1.0" encoding="utf-8"?><testsuites name="pytest tests"><testsuite name="pytest" errors="0" failures="0" skipped="0" tests="14" time="3.868" timestamp="2026-04-06T21:14:16.321868+00:00" hostname="agent-env-5bcbc21a-8c93-4f46-9423-9f1d64ede92f"><testcase classname="backend.tests.test_zoom_integration.TestZoomStatus" name="test_zoom_status_requires_auth" time="0.556" /><testcase classname="backend.tests.test_zoom_integration.TestZoomStatus" name="test_zoom_status_returns_not_configured" time="0.470" /><testcase classname="backend.tests.test_zoom_integration.TestZoomConnect" name="test_zoom_connect_requires_auth" time="0.476" /><testcase classname="backend.tests.test_zoom_integration.TestZoomConnect" name="test_zoom_connect_returns_503_when_not_configured" time="0.445" /><testcase classname="backend.tests.test_zoom_integration.TestZoomDisconnect" name="test_zoom_disconnect_requires_auth" time="0.440" /><testcase classname="backend.tests.test_zoom_integration.TestZoomDisconnect" name="test_zoom_disconnect_succeeds" time="0.466" /><testcase classname="backend.tests.test_zoom_integration.TestZoomWebhook" name="test_webhook_rejects_invalid_json" time="0.147" /><testcase classname="backend.tests.test_zoom_integration.TestZoomWebhook" name="test_webhook_handles_crc_challenge" time="0.118" /><testcase classname="backend.tests.test_zoom_integration.TestZoomWebhook" name="test_webhook_handles_recording_completed_no_teacher" time="0.112" /><testcase classname="backend.tests.test_zoom_integration.TestZoomWebhook" name="test_webhook_ignores_non_recording_events" time="0.107" /><testcase classname="backend.tests.test_zoom_integration.TestZoomAuthRequirements" name="test_zoom_status_requires_approved_user" time="0.137" /><testcase classname="backend.tests.test_zoom_integration.TestZoomAuthRequirements" name="test_zoom_connect_requires_teacher_or_admin" time="0.110" /><testcase classname="backend.tests.test_zoom_integration.TestZoomAuthRequirements" name="test_zoom_disconnect_requires_teacher_or_admin" time="0.114" /><testcase classname="backend.tests.test_zoom_integration.TestZoomAuthRequirements" name="test_zoom_webhook_is_public" time="0.104" /></testsuite></testsuites>