<?xml version="1.0" encoding="utf-8"?><testsuites name="pytest tests"><testsuite name="pytest" errors="0" failures="0" skipped="0" tests="9" time="9.334" timestamp="2026-02-20T20:06:11.438620+00:00" hostname="agent-env-55cb429a-4935-49aa-9fb1-a15462004f41"><testcase classname="tests.test_recordings.TestRecordingsAPI" name="test_recordings_requires_auth" time="0.987" /><testcase classname="tests.test_recordings.TestRecordingsAPI" name="test_member_can_get_recordings" time="1.244" /><testcase classname="tests.test_recordings.TestRecordingsAPI" name="test_teacher_can_get_recordings" time="1.237" /><testcase classname="tests.test_recordings.TestRecordingsAPI" name="test_recordings_empty_array_when_no_recordings" time="1.106" /><testcase classname="tests.test_recordings.TestRecordingsAPI" name="test_recordings_nonexistent_lesson_returns_404" time="1.127" /><testcase classname="tests.test_recordings.TestRecordingsAPI" name="test_recordings_response_structure" time="1.155" /><testcase classname="tests.test_recordings.TestVideoRoomCloudRecording" name="test_video_room_status_endpoint" time="0.872" /><testcase classname="tests.test_recordings.TestAttendanceWithRecording" name="test_watched_replay_attendance" time="0.673" /><testcase classname="tests.test_recordings.TestAttendanceWithRecording" name="test_get_my_attendance_includes_watched_replay" time="0.824" /></testsuite></testsuites>