<?xml version="1.0" encoding="utf-8"?><testsuites name="pytest tests"><testsuite name="pytest" errors="0" failures="0" skipped="0" tests="10" time="3.082" timestamp="2026-02-20T17:40:09.870622+00:00" hostname="agent-env-2aebb7b3-0ca7-4a16-a354-1993edb38839"><testcase classname="backend.tests.test_video_room.TestVideoRoomEndpoints" name="test_get_video_status_unauthenticated" time="0.668" /><testcase classname="backend.tests.test_video_room.TestVideoRoomEndpoints" name="test_join_video_unauthenticated" time="0.079" /><testcase classname="backend.tests.test_video_room.TestVideoRoomEndpoints" name="test_get_video_status_as_member" time="0.593" /><testcase classname="backend.tests.test_video_room.TestVideoRoomEndpoints" name="test_get_video_status_as_teacher" time="0.286" /><testcase classname="backend.tests.test_video_room.TestVideoRoomEndpoints" name="test_join_video_as_member" time="0.308" /><testcase classname="backend.tests.test_video_room.TestVideoRoomEndpoints" name="test_join_video_as_teacher" time="0.236" /><testcase classname="backend.tests.test_video_room.TestVideoRoomEndpoints" name="test_video_join_nonexistent_lesson" time="0.159" /><testcase classname="backend.tests.test_video_room.TestVideoRoomEndpoints" name="test_video_status_nonexistent_lesson" time="0.108" /><testcase classname="backend.tests.test_video_room.TestVideoRoomAttendance" name="test_video_join_records_attendance" time="0.354" /><testcase classname="backend.tests.test_video_room.TestVideoRoomRoomNaming" name="test_room_name_format" time="0.231" /></testsuite></testsuites>