<?xml version="1.0" encoding="utf-8"?><testsuites name="pytest tests"><testsuite name="pytest" errors="0" failures="0" skipped="0" tests="12" time="4.744" timestamp="2026-04-03T21:24:14.486598+00:00" hostname="agent-env-6e215b50-4424-4cce-b435-5ad1bf789a42"><testcase classname="backend.tests.test_role_restructure.TestAdminLogin" name="test_admin_login_returns_admin_role" time="0.389" /><testcase classname="backend.tests.test_role_restructure.TestAdminLogin" name="test_admin_can_access_admin_endpoint" time="0.453" /><testcase classname="backend.tests.test_role_restructure.TestAdminLogin" name="test_admin_me_endpoint" time="0.438" /><testcase classname="backend.tests.test_role_restructure.TestTeacherNeedingSetup" name="test_teacher_login_returns_needs_group_setup_true" time="0.332" /><testcase classname="backend.tests.test_role_restructure.TestTeacherNeedingSetup" name="test_teacher_me_endpoint_shows_needs_setup" time="0.472" /><testcase classname="backend.tests.test_role_restructure.TestTeacherNeedingSetup" name="test_teacher_cannot_access_admin_endpoint" time="0.475" /><testcase classname="backend.tests.test_role_restructure.TestTeacherGroupCreation" name="test_teacher_can_create_group" time="0.440" /><testcase classname="backend.tests.test_role_restructure.TestTeacherGroupCreation" name="test_teacher_assigned_to_group_after_creation" time="0.470" /><testcase classname="backend.tests.test_role_restructure.TestTeacherGroupCreation" name="test_teacher_limited_to_one_group" time="0.454" /><testcase classname="backend.tests.test_role_restructure.TestRegisterRequiresInviteCode" name="test_register_without_invite_code_fails" time="0.130" /><testcase classname="backend.tests.test_role_restructure.TestRegisterRequiresInviteCode" name="test_register_with_invalid_invite_code_fails" time="0.099" /><testcase classname="backend.tests.test_role_restructure.TestCleanup" name="test_cleanup_teacher_group" time="0.538" /></testsuite></testsuites>