<?xml version="1.0" encoding="utf-8"?><testsuites name="pytest tests"><testsuite name="pytest" errors="0" failures="0" skipped="0" tests="15" time="7.813" timestamp="2026-02-21T16:53:26.763458+00:00" hostname="agent-env-db42470e-0a9d-4c4b-82ca-f4f953d92023"><testcase classname="backend.tests.test_course_unlock.TestCourseUnlockType" name="test_create_course_sequential_default" time="0.710" /><testcase classname="backend.tests.test_course_unlock.TestCourseUnlockType" name="test_create_course_with_sequential" time="0.279" /><testcase classname="backend.tests.test_course_unlock.TestCourseUnlockType" name="test_create_course_with_scheduled" time="0.267" /><testcase classname="backend.tests.test_course_unlock.TestCourseUnlockType" name="test_update_course_unlock_type" time="0.594" /><testcase classname="backend.tests.test_course_unlock.TestCourseUnlockType" name="test_update_course_title_and_description" time="0.528" /><testcase classname="backend.tests.test_course_unlock.TestScheduledLessonUnlock" name="test_scheduled_lesson_unlocked_past_date" time="1.118" /><testcase classname="backend.tests.test_course_unlock.TestScheduledLessonUnlock" name="test_scheduled_lesson_locked_future_date" time="0.453" /><testcase classname="backend.tests.test_course_unlock.TestScheduledLessonUnlock" name="test_scheduled_lesson_today_date_unlocked" time="0.420" /><testcase classname="backend.tests.test_course_unlock.TestScheduledLessonUnlock" name="test_teacher_always_sees_unlocked" time="0.466" /><testcase classname="backend.tests.test_course_unlock.TestCourseCoverUpload" name="test_cover_upload_endpoint_exists" time="0.752" /><testcase classname="backend.tests.test_course_unlock.TestCourseCoverUpload" name="test_cover_upload_with_image" time="0.435" /><testcase classname="backend.tests.test_course_unlock.TestLoginDemoButtons" name="test_teacher_login_works" time="0.329" /><testcase classname="backend.tests.test_course_unlock.TestLoginDemoButtons" name="test_member_login_works" time="0.364" /><testcase classname="backend.tests.test_course_unlock.TestLoginDemoButtons" name="test_admin_login_not_exist" time="0.129" /><testcase classname="backend.tests.test_course_unlock.TestCourseWizardSteps" name="test_course_api_accepts_unlock_type" time="0.839" /></testsuite></testsuites>