<?xml version="1.0" encoding="utf-8"?><testsuites name="pytest tests"><testsuite name="pytest" errors="0" failures="0" skipped="0" tests="7" time="1.943" timestamp="2026-04-07T01:48:19.613334+00:00" hostname="agent-env-5bcbc21a-8c93-4f46-9423-9f1d64ede92f"><testcase classname="backend.tests.test_guest_mode_restrictions.TestGuestAuth" name="test_guest_login_returns_token" time="0.209" /><testcase classname="backend.tests.test_guest_mode_restrictions.TestGuestChatRestrictions" name="test_guest_can_get_chat_messages" time="0.223" /><testcase classname="backend.tests.test_guest_mode_restrictions.TestGuestChatRestrictions" name="test_guest_cannot_post_chat_message" time="0.234" /><testcase classname="backend.tests.test_guest_mode_restrictions.TestGuestMessagesRestrictions" name="test_guest_cannot_send_private_message" time="0.400" /><testcase classname="backend.tests.test_guest_mode_restrictions.TestAdminLogin" name="test_admin_login_success" time="0.345" /><testcase classname="backend.tests.test_guest_mode_restrictions.TestTeacherNameRename" name="test_courses_show_teacher_not_shakira" time="0.254" /><testcase classname="backend.tests.test_guest_mode_restrictions.TestDemoChatMessages" name="test_demo_messages_exist" time="0.221" /></testsuite></testsuites>