<?xml version="1.0" encoding="utf-8"?><testsuites name="pytest tests"><testsuite name="pytest" errors="0" failures="0" skipped="0" tests="12" time="5.464" timestamp="2026-04-12T20:38:42.885007+00:00" hostname="agent-env-5bcbc21a-8c93-4f46-9423-9f1d64ede92f"><testcase classname="backend.tests.test_iteration_37_features.TestAuthAndSetup" name="test_admin_login" time="0.490" /><testcase classname="backend.tests.test_iteration_37_features.TestLessonUnlockBugFix" name="test_first_lesson_always_unlocked" time="0.597" /><testcase classname="backend.tests.test_iteration_37_features.TestLessonUnlockBugFix" name="test_attendance_marked_attended_creates_completion" time="0.499" /><testcase classname="backend.tests.test_iteration_37_features.TestRecordingURLOptional" name="test_create_lesson_without_recording_url" time="0.789" /><testcase classname="backend.tests.test_iteration_37_features.TestRecordingURLOptional" name="test_create_lesson_with_recording_url" time="0.322" /><testcase classname="backend.tests.test_iteration_37_features.TestChatReactions" name="test_get_chat_messages_with_reactions" time="0.433" /><testcase classname="backend.tests.test_iteration_37_features.TestChatReactions" name="test_toggle_reaction_on_message" time="0.442" /><testcase classname="backend.tests.test_iteration_37_features.TestChatReactions" name="test_get_message_reactions" time="0.514" /><testcase classname="backend.tests.test_iteration_37_features.TestChatReadReceipts" name="test_mark_chat_as_read" time="0.450" /><testcase classname="backend.tests.test_iteration_37_features.TestChatReadReceipts" name="test_get_read_receipts" time="0.220" /><testcase classname="backend.tests.test_iteration_37_features.TestGuestRestrictions" name="test_guest_cannot_react" time="0.340" /><testcase classname="backend.tests.test_iteration_37_features.TestGuestRestrictions" name="test_guest_cannot_mark_read" time="0.287" /></testsuite></testsuites>