<?xml version="1.0" encoding="utf-8"?><testsuites name="pytest tests"><testsuite name="pytest" errors="0" failures="0" skipped="0" tests="22" time="9.759" timestamp="2026-03-22T22:54:56.735740+00:00" hostname="agent-env-6e215b50-4424-4cce-b435-5ad1bf789a42"><testcase classname="backend.tests.test_refactoring_validation.TestAPIRoot" name="test_api_root" time="0.212" /><testcase classname="backend.tests.test_refactoring_validation.TestAuthentication" name="test_teacher_login" time="0.340" /><testcase classname="backend.tests.test_refactoring_validation.TestAuthentication" name="test_member_login" time="0.402" /><testcase classname="backend.tests.test_refactoring_validation.TestAuthentication" name="test_invalid_login" time="0.099" /><testcase classname="backend.tests.test_refactoring_validation.TestAuthentication" name="test_get_me" time="0.449" /><testcase classname="backend.tests.test_refactoring_validation.TestCourses" name="test_get_courses" time="0.424" /><testcase classname="backend.tests.test_refactoring_validation.TestCourses" name="test_get_course_by_id" time="0.577" /><testcase classname="backend.tests.test_refactoring_validation.TestLessons" name="test_get_course_lessons" time="0.550" /><testcase classname="backend.tests.test_refactoring_validation.TestLessons" name="test_get_lesson_by_id" time="0.732" /><testcase classname="backend.tests.test_refactoring_validation.TestLessons" name="test_mark_lesson_complete" time="0.721" /><testcase classname="backend.tests.test_refactoring_validation.TestSearch" name="test_search_gospel" time="0.446" /><testcase classname="backend.tests.test_refactoring_validation.TestSearch" name="test_search_requires_auth" time="0.095" /><testcase classname="backend.tests.test_refactoring_validation.TestProgress" name="test_get_my_progress" time="0.483" /><testcase classname="backend.tests.test_refactoring_validation.TestProgress" name="test_get_student_progress_teacher_only" time="0.887" /><testcase classname="backend.tests.test_refactoring_validation.TestAttendance" name="test_get_attendance_summary" time="0.453" /><testcase classname="backend.tests.test_refactoring_validation.TestAttendance" name="test_get_attendance_report" time="0.448" /><testcase classname="backend.tests.test_refactoring_validation.TestPushNotifications" name="test_get_vapid_public_key" time="0.102" /><testcase classname="backend.tests.test_refactoring_validation.TestPushNotifications" name="test_get_reading_reminder_settings" time="0.452" /><testcase classname="backend.tests.test_refactoring_validation.TestChat" name="test_get_chat_messages" time="0.488" /><testcase classname="backend.tests.test_refactoring_validation.TestChat" name="test_post_chat_message" time="0.439" /><testcase classname="backend.tests.test_refactoring_validation.TestMessages" name="test_get_inbox" time="0.445" /><testcase classname="backend.tests.test_refactoring_validation.TestFeedback" name="test_get_my_feedback" time="0.427" /></testsuite></testsuites>