<?xml version="1.0" encoding="utf-8"?><testsuites name="pytest tests"><testsuite name="pytest" errors="0" failures="0" skipped="0" tests="20" time="10.360" timestamp="2026-04-03T18:41:58.888323+00:00" hostname="agent-env-6e215b50-4424-4cce-b435-5ad1bf789a42"><testcase classname="tests.test_group_rename.TestAuthGroupTerminology" name="test_login_returns_group_id_and_group_name" time="0.465" /><testcase classname="tests.test_group_rename.TestAuthGroupTerminology" name="test_auth_me_returns_group_id_and_group_name" time="0.485" /><testcase classname="tests.test_group_rename.TestGroupsAPI" name="test_groups_lookup_public_endpoint" time="0.601" /><testcase classname="tests.test_group_rename.TestGroupsAPI" name="test_groups_lookup_invalid_code_returns_404" time="0.107" /><testcase classname="tests.test_group_rename.TestGroupsAPI" name="test_groups_my_returns_group_details" time="0.451" /><testcase classname="tests.test_group_rename.TestGroupsAPI" name="test_groups_update_name" time="0.808" /><testcase classname="tests.test_group_rename.TestGroupsAPI" name="test_groups_regenerate_code" time="0.576" /><testcase classname="tests.test_group_rename.TestRegistrationWithGroups" name="test_register_with_group_name_creates_new_group" time="0.716" /><testcase classname="tests.test_group_rename.TestRegistrationWithGroups" name="test_register_with_invite_code_joins_existing_group" time="0.792" /><testcase classname="tests.test_group_rename.TestRegistrationWithGroups" name="test_register_with_invalid_invite_code_returns_400" time="0.154" /><testcase classname="tests.test_group_rename.TestGroupScopedEndpoints" name="test_courses_scoped_to_group" time="0.507" /><testcase classname="tests.test_group_rename.TestGroupScopedEndpoints" name="test_users_scoped_to_group" time="0.450" /><testcase classname="tests.test_group_rename.TestGroupScopedEndpoints" name="test_analytics_scoped_to_group" time="0.473" /><testcase classname="tests.test_group_rename.TestCrossGroupIsolation" name="test_cross_group_course_isolation" time="0.899" /><testcase classname="tests.test_group_rename.TestCrossGroupIsolation" name="test_cross_group_user_isolation" time="0.958" /><testcase classname="tests.test_group_rename.TestNoChurchTerminology" name="test_login_response_no_church_keys" time="0.329" /><testcase classname="tests.test_group_rename.TestNoChurchTerminology" name="test_auth_me_response_no_church_keys" time="0.480" /><testcase classname="tests.test_group_rename.TestNoChurchTerminology" name="test_groups_my_response_no_church_keys" time="0.457" /><testcase classname="tests.test_group_rename.TestChurchEndpointsRemoved" name="test_churches_endpoint_not_found" time="0.454" /><testcase classname="tests.test_group_rename.TestChurchEndpointsRemoved" name="test_churches_lookup_not_found" time="0.102" /></testsuite></testsuites>