<?xml version="1.0" encoding="utf-8"?><testsuites name="pytest tests"><testsuite name="pytest" errors="0" failures="0" skipped="0" tests="10" time="2.348" timestamp="2026-04-06T23:00:27.766916+00:00" hostname="agent-env-5bcbc21a-8c93-4f46-9423-9f1d64ede92f"><testcase classname="tests.test_security_log.TestSecurityLogAPI" name="test_get_security_logs_admin_success" time="0.549" /><testcase classname="tests.test_security_log.TestSecurityLogAPI" name="test_get_security_logs_with_pagination" time="0.057" /><testcase classname="tests.test_security_log.TestSecurityLogAPI" name="test_get_security_logs_with_event_type_filter" time="0.050" /><testcase classname="tests.test_security_log.TestSecurityLogAPI" name="test_get_security_summary_admin_success" time="0.053" /><testcase classname="tests.test_security_log.TestSecurityLogAPI" name="test_security_logs_unauthorized_no_token" time="0.131" /><testcase classname="tests.test_security_log.TestLoginSecurityEvents" name="test_successful_login_creates_event" time="0.444" /><testcase classname="tests.test_security_log.TestLoginSecurityEvents" name="test_failed_login_creates_event" time="0.224" /><testcase classname="tests.test_security_log.TestSecurityLogStructure" name="test_log_entry_has_required_fields" time="0.054" /><testcase classname="tests.test_security_log.TestSecurityLogStructure" name="test_summary_contains_event_types" time="0.058" /><testcase classname="tests.test_security_log.TestNonAdminAccess" name="test_member_cannot_access_security_logs" time="0.665" /></testsuite></testsuites>