<?xml version="1.0" encoding="utf-8"?><testsuites name="pytest tests"><testsuite name="pytest" errors="0" failures="0" skipped="0" tests="9" time="3.490" timestamp="2026-04-03T22:12:02.392064+00:00" hostname="agent-env-6e215b50-4424-4cce-b435-5ad1bf789a42"><testcase classname="backend.tests.test_resource_reorder.TestResourceReorder" name="test_admin_login" time="0.388" /><testcase classname="backend.tests.test_resource_reorder.TestResourceReorder" name="test_get_lesson_with_resources" time="0.435" /><testcase classname="backend.tests.test_resource_reorder.TestResourceReorder" name="test_resources_sorted_by_order" time="0.429" /><testcase classname="backend.tests.test_resource_reorder.TestResourceReorder" name="test_reorder_resources_endpoint" time="0.583" /><testcase classname="backend.tests.test_resource_reorder.TestResourceReorder" name="test_reorder_requires_auth" time="0.113" /><testcase classname="backend.tests.test_resource_reorder.TestResourceReorder" name="test_reorder_requires_teacher_or_admin" time="0.000" /><testcase classname="backend.tests.test_resource_reorder.TestResourceReorder" name="test_single_resource_order_update" time="0.540" /><testcase classname="backend.tests.test_resource_reorder.TestResourceEndpoints" name="test_set_primary_resource" time="0.452" /><testcase classname="backend.tests.test_resource_reorder.TestResourceEndpoints" name="test_download_resource" time="0.489" /></testsuite></testsuites>