<?xml version="1.0" encoding="utf-8"?><testsuites name="pytest tests"><testsuite name="pytest" errors="0" failures="0" skipped="0" tests="15" time="9.366" timestamp="2026-04-06T20:36:02.750228+00:00" hostname="agent-env-5bcbc21a-8c93-4f46-9423-9f1d64ede92f"><testcase classname="tests.test_p1_p2_features.TestChatRESTEndpoints" name="test_get_chat_messages" time="0.520" /><testcase classname="tests.test_p1_p2_features.TestChatRESTEndpoints" name="test_post_chat_message" time="0.515" /><testcase classname="tests.test_p1_p2_features.TestChatRESTEndpoints" name="test_hide_chat_message" time="0.827" /><testcase classname="tests.test_p1_p2_features.TestChatRESTEndpoints" name="test_delete_chat_message" time="0.705" /><testcase classname="tests.test_p1_p2_features.TestChatRESTEndpoints" name="test_chat_requires_auth" time="0.583" /><testcase classname="tests.test_p1_p2_features.TestWebSocketChat" name="test_websocket_connect_with_valid_token" time="0.532" /><testcase classname="tests.test_p1_p2_features.TestWebSocketChat" name="test_websocket_reject_without_token" time="0.551" /><testcase classname="tests.test_p1_p2_features.TestWebSocketChat" name="test_websocket_reject_invalid_token" time="0.489" /><testcase classname="tests.test_p1_p2_features.TestWebSocketChat" name="test_websocket_send_message" time="0.628" /><testcase classname="tests.test_p1_p2_features.TestWebSocketChat" name="test_websocket_ping_pong" time="0.556" /><testcase classname="tests.test_p1_p2_features.TestWebSocketChat" name="test_websocket_typing_indicator" time="0.605" /><testcase classname="tests.test_p1_p2_features.TestWebSocketChat" name="test_websocket_delete_message" time="0.662" /><testcase classname="tests.test_p1_p2_features.TestWebSocketChat" name="test_websocket_hide_message" time="0.608" /><testcase classname="tests.test_p1_p2_features.TestServiceWorkerEndpoints" name="test_cacheable_endpoints_accessible" time="1.171" /><testcase classname="tests.test_p1_p2_features.TestServiceWorkerEndpoints" name="test_service_worker_file_exists" time="0.338" /></testsuite></testsuites>