<?xml version="1.0" encoding="utf-8"?><testsuites name="pytest tests"><testsuite name="pytest" errors="0" failures="0" skipped="0" tests="11" time="3.425" timestamp="2026-04-07T00:39:25.954090+00:00" hostname="agent-env-5bcbc21a-8c93-4f46-9423-9f1d64ede92f"><testcase classname="tests.test_landing_guest.TestGuestLogin" name="test_guest_login_returns_token" time="0.242" /><testcase classname="tests.test_landing_guest.TestGuestLogin" name="test_guest_token_has_correct_claims" time="0.159" /><testcase classname="tests.test_landing_guest.TestGuestReadAccess" name="test_guest_can_get_courses" time="0.265" /><testcase classname="tests.test_landing_guest.TestGuestReadAccess" name="test_guest_can_get_course_detail" time="0.378" /><testcase classname="tests.test_landing_guest.TestGuestReadAccess" name="test_guest_can_get_lessons" time="0.338" /><testcase classname="tests.test_landing_guest.TestGuestWriteRestrictions" name="test_guest_cannot_send_chat_message" time="0.209" /><testcase classname="tests.test_landing_guest.TestGuestWriteRestrictions" name="test_guest_cannot_post_comment" time="0.497" /><testcase classname="tests.test_landing_guest.TestGuestWriteRestrictions" name="test_guest_can_read_chat_messages" time="0.264" /><testcase classname="tests.test_landing_guest.TestAdminLogin" name="test_admin_login_works" time="0.396" /><testcase classname="tests.test_landing_guest.TestAdminLogin" name="test_admin_can_send_chat_message" time="0.494" /><testcase classname="tests.test_landing_guest.TestDemoGroupExists" name="test_demo_group_lookup" time="0.111" /></testsuite></testsuites>