<?xml version="1.0" encoding="utf-8"?><testsuites name="pytest tests"><testsuite name="pytest" errors="0" failures="0" skipped="0" tests="21" time="16.639" timestamp="2026-04-06T20:58:49.214884+00:00" hostname="agent-env-5bcbc21a-8c93-4f46-9423-9f1d64ede92f"><testcase classname="backend.tests.test_video_upload_link.TestVideoUploadLinkAPI" name="test_upload_requires_auth" time="0.635" /><testcase classname="backend.tests.test_video_upload_link.TestVideoUploadLinkAPI" name="test_upload_video_success" time="0.700" /><testcase classname="backend.tests.test_video_upload_link.TestVideoUploadLinkAPI" name="test_upload_rejects_invalid_extension" time="0.655" /><testcase classname="backend.tests.test_video_upload_link.TestVideoUploadLinkAPI" name="test_upload_accepts_allowed_extensions" time="1.781" /><testcase classname="backend.tests.test_video_upload_link.TestVideoUploadLinkAPI" name="test_upload_nonexistent_lesson_returns_404" time="0.603" /><testcase classname="backend.tests.test_video_upload_link.TestVideoUploadLinkAPI" name="test_add_link_requires_auth" time="0.559" /><testcase classname="backend.tests.test_video_upload_link.TestVideoUploadLinkAPI" name="test_add_link_success" time="0.751" /><testcase classname="backend.tests.test_video_upload_link.TestVideoUploadLinkAPI" name="test_add_link_rejects_invalid_url" time="0.661" /><testcase classname="backend.tests.test_video_upload_link.TestVideoUploadLinkAPI" name="test_add_link_default_title" time="0.749" /><testcase classname="backend.tests.test_video_upload_link.TestVideoUploadLinkAPI" name="test_get_uploaded_recordings_requires_auth" time="0.589" /><testcase classname="backend.tests.test_video_upload_link.TestVideoUploadLinkAPI" name="test_get_uploaded_recordings_success" time="0.795" /><testcase classname="backend.tests.test_video_upload_link.TestVideoUploadLinkAPI" name="test_get_uploaded_recordings_includes_both_types" time="1.044" /><testcase classname="backend.tests.test_video_upload_link.TestVideoUploadLinkAPI" name="test_stream_requires_token" time="0.932" /><testcase classname="backend.tests.test_video_upload_link.TestVideoUploadLinkAPI" name="test_stream_rejects_invalid_token" time="0.815" /><testcase classname="backend.tests.test_video_upload_link.TestVideoUploadLinkAPI" name="test_stream_success_with_valid_token" time="0.835" /><testcase classname="backend.tests.test_video_upload_link.TestVideoUploadLinkAPI" name="test_stream_nonexistent_recording_returns_404" time="0.599" /><testcase classname="backend.tests.test_video_upload_link.TestVideoUploadLinkAPI" name="test_delete_requires_auth" time="0.830" /><testcase classname="backend.tests.test_video_upload_link.TestVideoUploadLinkAPI" name="test_delete_upload_success" time="0.994" /><testcase classname="backend.tests.test_video_upload_link.TestVideoUploadLinkAPI" name="test_delete_link_success" time="0.714" /><testcase classname="backend.tests.test_video_upload_link.TestVideoUploadLinkAPI" name="test_delete_nonexistent_returns_404" time="0.598" /><testcase classname="backend.tests.test_video_upload_link.TestFileSizeLimit" name="test_small_file_accepted" time="0.730" /></testsuite></testsuites>