<?xml version="1.0" encoding="utf-8"?><testsuites name="pytest tests"><testsuite name="pytest" errors="0" failures="0" skipped="0" tests="28" time="12.946" timestamp="2026-02-21T15:26:11.215079+00:00" hostname="agent-env-55cb429a-4935-49aa-9fb1-a15462004f41"><testcase classname="backend.tests.test_mvp_polish.TestHostingMethod" name="test_lesson_creation_with_in_app" time="0.805" /><testcase classname="backend.tests.test_mvp_polish.TestHostingMethod" name="test_lesson_creation_with_zoom" time="0.225" /><testcase classname="backend.tests.test_mvp_polish.TestHostingMethod" name="test_lesson_update_hosting_method" time="0.553" /><testcase classname="backend.tests.test_mvp_polish.TestRecordingSource" name="test_recording_source_none" time="0.216" /><testcase classname="backend.tests.test_mvp_polish.TestRecordingSource" name="test_recording_source_daily" time="0.250" /><testcase classname="backend.tests.test_mvp_polish.TestRecordingSource" name="test_recording_source_youtube" time="0.226" /><testcase classname="backend.tests.test_mvp_polish.TestRecordingSource" name="test_recording_source_external" time="0.233" /><testcase classname="backend.tests.test_mvp_polish.TestPublishing" name="test_create_draft_lesson" time="0.218" /><testcase classname="backend.tests.test_mvp_polish.TestPublishing" name="test_create_published_lesson" time="0.216" /><testcase classname="backend.tests.test_mvp_polish.TestPublishing" name="test_toggle_lesson_published" time="0.425" /><testcase classname="backend.tests.test_mvp_polish.TestPublishing" name="test_create_draft_course" time="0.216" /><testcase classname="backend.tests.test_mvp_polish.TestPublishing" name="test_publish_course_endpoint" time="0.717" /><testcase classname="backend.tests.test_mvp_polish.TestPublishing" name="test_unpublish_course_endpoint" time="0.453" /><testcase classname="backend.tests.test_mvp_polish.TestVisibilityForMembers" name="test_member_cannot_see_draft_course" time="0.699" /><testcase classname="backend.tests.test_mvp_polish.TestVisibilityForMembers" name="test_member_can_see_published_course" time="0.370" /><testcase classname="backend.tests.test_mvp_polish.TestVisibilityForMembers" name="test_member_cannot_see_draft_lesson" time="0.456" /><testcase classname="backend.tests.test_mvp_polish.TestLessonCompletion" name="test_mark_lesson_complete" time="0.617" /><testcase classname="backend.tests.test_mvp_polish.TestLessonCompletion" name="test_already_completed_lesson" time="0.593" /><testcase classname="backend.tests.test_mvp_polish.TestLessonCompletion" name="test_unmark_lesson_complete" time="0.762" /><testcase classname="backend.tests.test_mvp_polish.TestCourseProgress" name="test_course_progress_empty" time="0.719" /><testcase classname="backend.tests.test_mvp_polish.TestCourseProgress" name="test_course_progress_partial" time="0.879" /><testcase classname="backend.tests.test_mvp_polish.TestSequentialUnlock" name="test_first_lesson_always_unlocked" time="0.478" /><testcase classname="backend.tests.test_mvp_polish.TestSequentialUnlock" name="test_second_lesson_locked_until_first_complete" time="0.856" /><testcase classname="backend.tests.test_mvp_polish.TestSequentialUnlock" name="test_cannot_complete_locked_lesson" time="0.625" /><testcase classname="backend.tests.test_mvp_polish.TestSequentialUnlock" name="test_teacher_can_see_all_lessons_unlocked" time="0.557" /><testcase classname="backend.tests.test_mvp_polish.TestOnboardingEndpoints" name="test_onboarding_status" time="0.125" /><testcase classname="backend.tests.test_mvp_polish.TestOnboardingEndpoints" name="test_complete_onboarding" time="0.107" /><testcase classname="backend.tests.test_mvp_polish.TestOnboardingEndpoints" name="test_complete_onboarding_step" time="0.218" /></testsuite></testsuites>