<?xml version="1.0" encoding="utf-8"?><testsuites name="pytest tests"><testsuite name="pytest" errors="0" failures="0" skipped="0" tests="23" time="7.499" timestamp="2026-02-07T21:02:13.309586+00:00" hostname="agent-env-585b9cb5-160a-4315-a7a6-13ff6931e3f9"><testcase classname="backend.tests.test_lesson_centric.TestAuthentication" name="test_member_login_success" time="0.313" /><testcase classname="backend.tests.test_lesson_centric.TestAuthentication" name="test_teacher_login_success" time="0.264" /><testcase classname="backend.tests.test_lesson_centric.TestAuthentication" name="test_admin_login_success" time="0.265" /><testcase classname="backend.tests.test_lesson_centric.TestAuthentication" name="test_login_invalid_credentials" time="0.043" /><testcase classname="backend.tests.test_lesson_centric.TestAuthentication" name="test_get_me_authenticated" time="0.305" /><testcase classname="backend.tests.test_lesson_centric.TestLessons" name="test_get_next_lesson" time="0.300" /><testcase classname="backend.tests.test_lesson_centric.TestLessons" name="test_get_lesson_by_id" time="0.358" /><testcase classname="backend.tests.test_lesson_centric.TestLessons" name="test_get_all_lessons" time="0.315" /><testcase classname="backend.tests.test_lesson_centric.TestTeacherPrompts" name="test_get_lesson_prompts" time="0.346" /><testcase classname="backend.tests.test_lesson_centric.TestTeacherPrompts" name="test_prompts_included_in_lesson_response" time="0.337" /><testcase classname="backend.tests.test_lesson_centric.TestPromptReplies" name="test_get_prompt_replies" time="0.380" /><testcase classname="backend.tests.test_lesson_centric.TestPromptReplies" name="test_submit_reply_to_prompt" time="0.418" /><testcase classname="backend.tests.test_lesson_centric.TestAttendance" name="test_record_attendance_joined_live" time="0.346" /><testcase classname="backend.tests.test_lesson_centric.TestAttendance" name="test_record_attendance_watched_replay" time="0.379" /><testcase classname="backend.tests.test_lesson_centric.TestAttendance" name="test_record_attendance_viewed_slides" time="0.339" /><testcase classname="backend.tests.test_lesson_centric.TestAttendance" name="test_record_attendance_marked_attended" time="0.367" /><testcase classname="backend.tests.test_lesson_centric.TestAttendance" name="test_get_my_attendance" time="0.340" /><testcase classname="backend.tests.test_lesson_centric.TestAttendance" name="test_attendance_included_in_lesson_response" time="0.341" /><testcase classname="backend.tests.test_lesson_centric.TestCourses" name="test_get_courses" time="0.298" /><testcase classname="backend.tests.test_lesson_centric.TestCourses" name="test_get_course_by_id" time="0.336" /><testcase classname="backend.tests.test_lesson_centric.TestChat" name="test_get_chat_messages" time="0.299" /><testcase classname="backend.tests.test_lesson_centric.TestChat" name="test_send_chat_message" time="0.338" /><testcase classname="backend.tests.test_lesson_centric.TestLessonResources" name="test_resources_included_in_lesson" time="0.339" /></testsuite></testsuites>