<?xml version="1.0" encoding="utf-8"?><testsuites name="pytest tests"><testsuite name="pytest" errors="0" failures="0" skipped="0" tests="15" time="6.752" timestamp="2026-04-07T23:49:29.045486+00:00" hostname="agent-env-5bcbc21a-8c93-4f46-9423-9f1d64ede92f"><testcase classname="tests.test_lesson_content.TestDemoCoursesExist" name="test_five_intro_courses_exist" time="0.333" /><testcase classname="tests.test_lesson_content.TestDemoCoursesExist" name="test_courses_are_published" time="0.000" /><testcase classname="tests.test_lesson_content.TestLessonsHaveYouTubeVideos" name="test_all_lessons_have_youtube_url" time="0.334" /><testcase classname="tests.test_lesson_content.TestLessonsHaveYouTubeVideos" name="test_youtube_urls_are_correct" time="0.298" /><testcase classname="tests.test_lesson_content.TestLessonsHaveYouTubeVideos" name="test_recording_source_is_youtube" time="0.274" /><testcase classname="tests.test_lesson_content.TestLessonsHaveDiscussionPrompts" name="test_all_lessons_have_prompts" time="1.143" /><testcase classname="tests.test_lesson_content.TestLessonsHaveTeacherNotes" name="test_all_lessons_have_teacher_notes" time="0.271" /><testcase classname="tests.test_lesson_content.TestLessonsHaveTeacherNotes" name="test_teacher_notes_have_key_points" time="0.269" /><testcase classname="tests.test_lesson_content.TestLessonsHaveReadingPlan" name="test_all_lessons_have_reading_plan" time="0.276" /><testcase classname="tests.test_lesson_content.TestLessonsHaveReadingPlan" name="test_reading_plan_has_weekly_structure" time="0.321" /><testcase classname="tests.test_lesson_content.TestLessonFlowIsLogical" name="test_lessons_have_correct_order" time="0.263" /><testcase classname="tests.test_lesson_content.TestLessonFlowIsLogical" name="test_lesson_titles_match_expected" time="0.264" /><testcase classname="tests.test_lesson_content.TestGuestCanAccessAllContent" name="test_guest_can_view_lesson_details" time="1.291" /><testcase classname="tests.test_lesson_content.TestGuestCanAccessAllContent" name="test_guest_can_view_prompts" time="1.077" /><testcase classname="tests.test_lesson_content.TestTotalLessonCount" name="test_total_lesson_count" time="0.278" /></testsuite></testsuites>