<?xml version="1.0" encoding="utf-8"?><testsuites name="pytest tests"><testsuite name="pytest" errors="0" failures="1" skipped="0" tests="20" time="10.924" timestamp="2026-02-07T21:46:21.452849+00:00" hostname="agent-env-585b9cb5-160a-4315-a7a6-13ff6931e3f9"><testcase classname="tests.test_p1_features.TestAuthentication" name="test_teacher_login" time="0.312" /><testcase classname="tests.test_p1_features.TestAuthentication" name="test_member_login" time="0.268" /><testcase classname="tests.test_p1_features.TestLessonEditorAPI" name="test_get_lesson_details" time="0.348" /><testcase classname="tests.test_p1_features.TestLessonEditorAPI" name="test_update_lesson_basic_info" time="0.441" /><testcase classname="tests.test_p1_features.TestLessonEditorAPI" name="test_get_lesson_prompts" time="0.341" /><testcase classname="tests.test_p1_features.TestLessonEditorAPI" name="test_create_prompt" time="0.420" /><testcase classname="tests.test_p1_features.TestLessonEditorAPI" name="test_update_prompt" time="0.463" /><testcase classname="tests.test_p1_features.TestLessonEditorAPI" name="test_delete_prompt" time="0.496" /><testcase classname="tests.test_p1_features.TestLessonEditorAPI" name="test_max_3_prompts_limit" time="0.604" /><testcase classname="tests.test_p1_features.TestTeacherResponsesAPI" name="test_get_all_replies_for_lesson" time="0.330" /><testcase classname="tests.test_p1_features.TestTeacherResponsesAPI" name="test_member_cannot_access_all_replies" time="0.652" /><testcase classname="tests.test_p1_features.TestReplyStatusManagement" name="test_update_reply_status_to_answered" time="0.735" /><testcase classname="tests.test_p1_features.TestReplyStatusManagement" name="test_update_reply_status_to_needs_followup" time="0.708" /><testcase classname="tests.test_p1_features.TestReplyStatusManagement" name="test_update_reply_status_to_pending" time="0.700"><failure message="assert 404 == 200&#10; +  where 404 = &lt;Response [404]&gt;.status_code">tests/test_p1_features.py:378: in test_update_reply_status_to_pending
    assert response.status_code == 200
E   assert 404 == 200
E    +  where 404 = &lt;Response [404]&gt;.status_code</failure></testcase><testcase classname="tests.test_p1_features.TestReplyStatusManagement" name="test_invalid_status_rejected" time="0.671" /><testcase classname="tests.test_p1_features.TestReplyStatusManagement" name="test_pin_reply" time="0.712" /><testcase classname="tests.test_p1_features.TestReplyStatusManagement" name="test_unpin_reply" time="0.751" /><testcase classname="tests.test_p1_features.TestReplyStatusManagement" name="test_delete_reply" time="0.743" /><testcase classname="tests.test_p1_features.TestReplyStatusManagement" name="test_member_cannot_change_status" time="0.692" /><testcase classname="tests.test_p1_features.TestCleanup" name="test_cleanup_test_prompts" time="0.378" /></testsuite></testsuites>