<?xml version="1.0" encoding="utf-8"?><testsuites name="pytest tests"><testsuite name="pytest" errors="0" failures="0" skipped="0" tests="16" time="3.771" timestamp="2026-04-03T18:02:56.025728+00:00" hostname="agent-env-6e215b50-4424-4cce-b435-5ad1bf789a42"><testcase classname="tests.test_multi_tenant.TestLoginWithChurchSupport" name="test_login_returns_church_id_and_name" time="0.376" /><testcase classname="tests.test_multi_tenant.TestAuthMe" name="test_auth_me_returns_church_info" time="0.325" /><testcase classname="tests.test_multi_tenant.TestChurchLookup" name="test_lookup_valid_invite_code" time="0.165" /><testcase classname="tests.test_multi_tenant.TestChurchLookup" name="test_lookup_invalid_invite_code" time="0.146" /><testcase classname="tests.test_multi_tenant.TestChurchManagement" name="test_get_my_church" time="0.051" /><testcase classname="tests.test_multi_tenant.TestChurchManagement" name="test_update_church_name" time="0.218" /><testcase classname="tests.test_multi_tenant.TestChurchManagement" name="test_regenerate_invite_code" time="0.107" /><testcase classname="tests.test_multi_tenant.TestScopedQueries" name="test_courses_scoped_to_church" time="0.050" /><testcase classname="tests.test_multi_tenant.TestScopedQueries" name="test_users_scoped_to_church" time="0.050" /><testcase classname="tests.test_multi_tenant.TestScopedQueries" name="test_analytics_scoped_to_church" time="0.054" /><testcase classname="tests.test_multi_tenant.TestScopedQueries" name="test_search_scoped_to_church" time="0.050" /><testcase classname="tests.test_multi_tenant.TestVideoRoomToken" name="test_video_join_returns_valid_token" time="0.408" /><testcase classname="tests.test_multi_tenant.TestRegistrationFlows" name="test_registration_with_new_church" time="0.725" /><testcase classname="tests.test_multi_tenant.TestRegistrationFlows" name="test_registration_with_invite_code" time="0.796" /><testcase classname="tests.test_multi_tenant.TestRegistrationFlows" name="test_registration_with_invalid_invite_code" time="0.108" /><testcase classname="tests.test_multi_tenant.TestAPIHealth" name="test_api_root" time="0.046" /></testsuite></testsuites>