<?xml version="1.0" encoding="utf-8"?><testsuites name="pytest tests"><testsuite name="pytest" errors="0" failures="0" skipped="1" tests="18" time="4.136" timestamp="2026-04-03T19:22:33.594867+00:00" hostname="agent-env-6e215b50-4424-4cce-b435-5ad1bf789a42"><testcase classname="backend.tests.test_group_management.TestGroupsAll" name="test_get_all_groups_returns_list" time="0.520" /><testcase classname="backend.tests.test_group_management.TestGroupsAll" name="test_get_all_groups_requires_admin" time="0.129" /><testcase classname="backend.tests.test_group_management.TestCreateGroup" name="test_create_group_success" time="0.113" /><testcase classname="backend.tests.test_group_management.TestCreateGroup" name="test_create_group_requires_name" time="0.109" /><testcase classname="backend.tests.test_group_management.TestUpdateGroup" name="test_update_group_name" time="0.244" /><testcase classname="backend.tests.test_group_management.TestUpdateGroup" name="test_update_nonexistent_group" time="0.112" /><testcase classname="backend.tests.test_group_management.TestDeleteGroup" name="test_delete_group_success" time="0.366" /><testcase classname="backend.tests.test_group_management.TestDeleteGroup" name="test_cannot_delete_own_group" time="0.264" /><testcase classname="backend.tests.test_group_management.TestDeleteGroup" name="test_delete_nonexistent_group" time="0.188" /><testcase classname="backend.tests.test_group_management.TestGroupMembers" name="test_get_group_members" time="0.113" /><testcase classname="backend.tests.test_group_management.TestGroupMembers" name="test_get_members_nonexistent_group" time="0.122" /><testcase classname="backend.tests.test_group_management.TestRegenerateCode" name="test_regenerate_invite_code" time="0.236" /><testcase classname="backend.tests.test_group_management.TestRegenerateCode" name="test_regenerate_code_nonexistent_group" time="0.107" /><testcase classname="backend.tests.test_group_management.TestUnassignedUsers" name="test_get_unassigned_users" time="0.150" /><testcase classname="backend.tests.test_group_management.TestAssignUserToGroup" name="test_assign_user_to_group" time="0.258"><skipped type="pytest.skip" message="No unassigned users available for testing">/app/backend/tests/test_group_management.py:299: No unassigned users available for testing</skipped></testcase><testcase classname="backend.tests.test_group_management.TestAssignUserToGroup" name="test_assign_to_nonexistent_group" time="0.264" /><testcase classname="backend.tests.test_group_management.TestAssignUserToGroup" name="test_assign_nonexistent_user" time="0.264" /><testcase classname="backend.tests.test_group_management.TestDeleteGroupUnassignsMembers" name="test_delete_group_members_become_unassigned" time="0.489" /></testsuite></testsuites>