<?xml version="1.0" encoding="utf-8"?><testsuites name="pytest tests"><testsuite name="pytest" errors="0" failures="0" skipped="0" tests="18" time="6.675" timestamp="2026-04-06T22:43:14.735623+00:00" hostname="agent-env-5bcbc21a-8c93-4f46-9423-9f1d64ede92f"><testcase classname="tests.test_security_fixes.TestAuthAndLogin" name="test_admin_login_success" time="0.443" /><testcase classname="tests.test_security_fixes.TestPasswordResetTokenLeak" name="test_forgot_password_no_token_leak" time="0.121" /><testcase classname="tests.test_security_fixes.TestRegistrationValidation" name="test_registration_rejects_empty_password" time="0.114" /><testcase classname="tests.test_security_fixes.TestRegistrationValidation" name="test_registration_rejects_short_password" time="0.122" /><testcase classname="tests.test_security_fixes.TestRegistrationValidation" name="test_registration_rejects_empty_name" time="0.112" /><testcase classname="tests.test_security_fixes.TestChatMessageValidation" name="test_empty_chat_message_rejected" time="0.466" /><testcase classname="tests.test_security_fixes.TestChatMessageValidation" name="test_whitespace_chat_message_rejected" time="0.427" /><testcase classname="tests.test_security_fixes.TestChatMessageValidation" name="test_valid_chat_message_works" time="0.569" /><testcase classname="tests.test_security_fixes.TestCoursesAndProgress" name="test_courses_endpoint_returns_courses" time="0.426" /><testcase classname="tests.test_security_fixes.TestCoursesAndProgress" name="test_my_progress_endpoint_works" time="0.470" /><testcase classname="tests.test_security_fixes.TestCoursesAndProgress" name="test_student_progress_endpoint_works" time="0.444" /><testcase classname="tests.test_security_fixes.TestTeacherScopedOperations" name="test_users_endpoint_works" time="0.438" /><testcase classname="tests.test_security_fixes.TestPrivateMessagesAdminRecipient" name="test_get_teachers_includes_admin" time="0.482" /><testcase classname="tests.test_security_fixes.TestJWTSecretConfiguration" name="test_auth_me_requires_valid_token" time="0.130" /><testcase classname="tests.test_security_fixes.TestJWTSecretConfiguration" name="test_auth_me_works_with_valid_token" time="0.458" /><testcase classname="tests.test_security_fixes.TestGroupOperations" name="test_groups_all_endpoint_works" time="0.477" /><testcase classname="tests.test_security_fixes.TestGroupOperations" name="test_my_group_endpoint_works" time="0.466" /><testcase classname="tests.test_security_fixes.TestChatEndpoints" name="test_get_chat_messages" time="0.430" /></testsuite></testsuites>