<?xml version="1.0" encoding="utf-8"?><testsuites name="pytest tests"><testsuite name="pytest" errors="0" failures="0" skipped="0" tests="22" time="4.210" timestamp="2026-03-22T22:28:29.213329+00:00" hostname="agent-env-6e215b50-4424-4cce-b435-5ad1bf789a42"><testcase classname="backend.tests.test_phase2_4_features.TestAuthentication" name="test_teacher_login" time="0.392" /><testcase classname="backend.tests.test_phase2_4_features.TestAuthentication" name="test_member_login" time="0.327" /><testcase classname="backend.tests.test_phase2_4_features.TestProgressAPI" name="test_my_progress_teacher" time="0.461" /><testcase classname="backend.tests.test_phase2_4_features.TestProgressAPI" name="test_my_progress_member" time="0.449" /><testcase classname="backend.tests.test_phase2_4_features.TestProgressAPI" name="test_student_progress_teacher" time="0.107" /><testcase classname="backend.tests.test_phase2_4_features.TestProgressAPI" name="test_student_progress_member_forbidden" time="0.110" /><testcase classname="backend.tests.test_phase2_4_features.TestAttendanceReportsAPI" name="test_attendance_summary_teacher" time="0.106" /><testcase classname="backend.tests.test_phase2_4_features.TestAttendanceReportsAPI" name="test_attendance_report_teacher" time="0.137" /><testcase classname="backend.tests.test_phase2_4_features.TestAttendanceReportsAPI" name="test_attendance_summary_member_forbidden" time="0.113" /><testcase classname="backend.tests.test_phase2_4_features.TestAttendanceReportsAPI" name="test_attendance_report_member_forbidden" time="0.142" /><testcase classname="backend.tests.test_phase2_4_features.TestSearchAPI" name="test_search_teacher" time="0.107" /><testcase classname="backend.tests.test_phase2_4_features.TestSearchAPI" name="test_search_member" time="0.117" /><testcase classname="backend.tests.test_phase2_4_features.TestSearchAPI" name="test_search_empty_query_fails" time="0.109" /><testcase classname="backend.tests.test_phase2_4_features.TestPushNotificationsAPI" name="test_vapid_public_key_no_auth" time="0.102" /><testcase classname="backend.tests.test_phase2_4_features.TestPushNotificationsAPI" name="test_push_subscribe_teacher" time="0.098" /><testcase classname="backend.tests.test_phase2_4_features.TestPushNotificationsAPI" name="test_push_subscribe_member" time="0.107" /><testcase classname="backend.tests.test_phase2_4_features.TestReadingRemindersAPI" name="test_get_reading_reminder_settings_teacher" time="0.107" /><testcase classname="backend.tests.test_phase2_4_features.TestReadingRemindersAPI" name="test_get_reading_reminder_settings_member" time="0.115" /><testcase classname="backend.tests.test_phase2_4_features.TestReadingRemindersAPI" name="test_update_reading_reminder_settings" time="0.314" /><testcase classname="backend.tests.test_phase2_4_features.TestCertificateAPI" name="test_certificate_course_not_found" time="0.129" /><testcase classname="backend.tests.test_phase2_4_features.TestCertificateAPI" name="test_certificate_incomplete_course" time="0.199" /><testcase classname="backend.tests.test_phase2_4_features.TestCertificateAPI" name="test_certificate_generates_pdf" time="0.265" /></testsuite></testsuites>