<?xml version="1.0" encoding="utf-8"?><testsuites name="pytest tests"><testsuite name="pytest" errors="0" failures="0" skipped="0" tests="8" time="6.306" timestamp="2026-03-22T22:37:04.695619+00:00" hostname="agent-env-6e215b50-4424-4cce-b435-5ad1bf789a42"><testcase classname="backend.tests.test_search_features.TestSearchAPI" name="test_search_gospel_returns_results" time="0.796" /><testcase classname="backend.tests.test_search_features.TestSearchAPI" name="test_search_genesis_returns_results" time="0.814" /><testcase classname="backend.tests.test_search_features.TestSearchAPI" name="test_search_requires_auth" time="0.766" /><testcase classname="backend.tests.test_search_features.TestSearchAPI" name="test_search_requires_query" time="0.784" /><testcase classname="backend.tests.test_search_features.TestSearchAPI" name="test_search_member_access" time="0.788" /><testcase classname="backend.tests.test_search_features.TestSearchAPI" name="test_search_empty_query_rejected" time="0.754" /><testcase classname="backend.tests.test_search_features.TestSearchAPI" name="test_search_no_results_returns_empty_arrays" time="0.792" /><testcase classname="backend.tests.test_search_features.TestSearchAPI" name="test_search_discussion_includes_user_name" time="0.749" /></testsuite></testsuites>